<?xml version="1.0" encoding="UTF-8"?>
<!-- Generated by org.testng.reporters.JUnitReportReporter -->
<testsuite hostname="Dsk" name="in.amazon.Amazon.AssignmentQA" tests="3" failures="0" timestamp="29 Jun 2022 11:03:25 GMT" time="5.414" errors="0">
  <testcase name="login" time="5.396" classname="in.amazon.Amazon.AssignmentQA"/>
  <testcase name="productvalidation" time="0.001" classname="in.amazon.Amazon.AssignmentQA"/>
  <testcase name="searchfunctionalityValidat" time="0.017" classname="in.amazon.Amazon.AssignmentQA"/>
</testsuite> <!-- in.amazon.Amazon.AssignmentQA -->
