<?xml version="1.0" encoding="UTF-8"?>
<!-- Generated by org.testng.reporters.JUnitReportReporter -->
<testsuite hostname="Dsk" name="com.gaana.test.AssignmentQA" tests="2" failures="0" timestamp="20 Jul 2022 10:25:23 GMT" time="6.513" errors="0">
  <testcase name="login" time="6.497" classname="com.gaana.test.AssignmentQA"/>
  <testcase name="productvalidation" time="0.016" classname="com.gaana.test.AssignmentQA"/>
</testsuite> <!-- com.gaana.test.AssignmentQA -->
