<?xml version="1.0" encoding="UTF-8"?>
<!-- Generated by org.testng.reporters.JUnitReportReporter -->
<testsuite hostname="Dsk" name="com.gaana.test.NeagtivePrioprity" tests="2" failures="0" timestamp="16 Jul 2022 12:34:00 GMT" time="0.017" errors="0">
  <testcase name="jg" time="0.017" classname="com.gaana.test.NeagtivePrioprity"/>
  <testcase name="f" time="0.000" classname="com.gaana.test.NeagtivePrioprity"/>
</testsuite> <!-- com.gaana.test.NeagtivePrioprity -->
