<?xml version="1.0" encoding="UTF-8"?>
<!-- Generated by org.testng.reporters.JUnitReportReporter -->
<testsuite hostname="Dsk" name="com.test.wingify.QAWingifyAssignment" tests="4" failures="0" timestamp="9 Sep 2022 07:37:54 GMT" time="3.314" errors="0">
  <testcase name="loginPageValidation" time="0.503" classname="com.test.wingify.QAWingifyAssignment"/>
  <testcase name="loginwithInvalid" time="0.680" classname="com.test.wingify.QAWingifyAssignment"/>
  <testcase name="homePageValidation" time="0.103" classname="com.test.wingify.QAWingifyAssignment"/>
  <testcase name="logIn" time="2.028" classname="com.test.wingify.QAWingifyAssignment"/>
</testsuite> <!-- com.test.wingify.QAWingifyAssignment -->
